<?xml version="1.0" encoding="UTF-8"?>
<!-- Generated by org.testng.reporters.JUnitReportReporter -->
<testsuite ignored="3" hostname="Miguels-MacBook-Pro.local" failures="0" tests="1" name="test.HardReset" time="2.672" errors="0" timestamp="15 May 2021 14:33:52 GMT" skipped="0">
  <testcase classname="test.HardReset" name="verificarTituloDePagina" time="2.672"/>
  <testcase classname="test.HardReset" name="assertEquals">
    <skipped/>
  </testcase> <!-- assertEquals -->
  <testcase classname="test.HardReset" name="assertNotEquals">
    <skipped/>
  </testcase> <!-- assertNotEquals -->
  <testcase classname="test.HardReset" name="assertTrue">
    <skipped/>
  </testcase> <!-- assertTrue -->
</testsuite> <!-- test.HardReset -->
