<?xml version="1.0" encoding="UTF-8"?>
<!-- Generated by org.testng.reporters.JUnitReportReporter -->
<testsuite ignored="0" hostname="Miguels-MBP" failures="0" tests="1" name="searchTests.TC_01_search" time="5.447" errors="0" timestamp="15 May 2021 18:25:54 GMT" skipped="0">
  <testcase classname="searchTests.TC_01_search" name="TC_01_CorrectSearch" time="5.447"/>
</testsuite> <!-- searchTests.TC_01_search -->
