<?xml version="1.0" encoding="UTF-8"?>
<!-- Generated by org.testng.reporters.JUnitReportReporter -->
<testsuite ignored="0" hostname="Miguels-MacBook-Pro.local" failures="0" tests="4" name="test.HardAssert" time="2.778" errors="0" timestamp="15 May 2021 14:38:25 GMT" skipped="0">
  <testcase classname="test.HardAssert" name="verificarTituloDePagina" time="2.770"/>
  <testcase classname="test.HardAssert" name="assertEquals" time="0.006"/>
  <testcase classname="test.HardAssert" name="assertTrue" time="0.001"/>
  <testcase classname="test.HardAssert" name="assertNotEquals" time="0.001"/>
</testsuite> <!-- test.HardAssert -->
